{
"contracts\\AucEngine.sol":{"l":{"34":3,"38":2,"40":2,"42":2,"53":2,"55":2,"60":1,"61":1,"62":1,"63":1,"64":1,"68":1,"69":1,"70":1,"71":1,"72":1,"73":1,"74":1,"75":1,"76":1,"77":1,"79":1,"82":1},"path":"C:\\Users\\nurus\\Desktop\\Code\\Blockchain University\\ZERO2HERO\\LearnSol\\lessons\\contracts\\AucEngine.sol","s":{"1":2,"2":2,"3":2,"4":2,"5":2,"6":1,"7":1,"8":1,"9":1,"10":1,"11":1,"12":1,"13":1,"14":1,"15":1,"16":1,"17":1,"18":1,"19":1,"20":1},"b":{"1":[0,2],"2":[2,0],"3":[1,0],"4":[1,0],"5":[1,0],"6":[1,0],"7":[1,0]},"f":{"1":3,"2":2,"3":1,"4":1},"fnMap":{"1":{"name":"constructor","line":33,"loc":{"start":{"line":33,"column":4},"end":{"line":35,"column":4}}},"2":{"name":"createAuction","line":37,"loc":{"start":{"line":37,"column":4},"end":{"line":57,"column":4}}},"3":{"name":"getPriceFor","line":59,"loc":{"start":{"line":59,"column":4},"end":{"line":65,"column":4}}},"4":{"name":"buy","line":67,"loc":{"start":{"line":67,"column":4},"end":{"line":83,"column":4}}}},"statementMap":{"1":{"start":{"line":38,"column":8},"end":{"line":38,"column":60}},"2":{"start":{"line":40,"column":8},"end":{"line":40,"column":85}},"3":{"start":{"line":42,"column":8},"end":{"line":42,"column":2013}},"4":{"start":{"line":53,"column":8},"end":{"line":53,"column":32}},"5":{"start":{"line":55,"column":8},"end":{"line":55,"column":80}},"6":{"start":{"line":60,"column":8},"end":{"line":60,"column":48}},"7":{"start":{"line":61,"column":8},"end":{"line":61,"column":44}},"8":{"start":{"line":62,"column":8},"end":{"line":62,"column":56}},"9":{"start":{"line":63,"column":8},"end":{"line":63,"column":54}},"10":{"start":{"line":64,"column":8},"end":{"line":64,"column":47}},"11":{"start":{"line":68,"column":8},"end":{"line":68,"column":51}},"12":{"start":{"line":69,"column":8},"end":{"line":69,"column":44}},"13":{"start":{"line":70,"column":8},"end":{"line":70,"column":58}},"14":{"start":{"line":71,"column":8},"end":{"line":71,"column":39}},"15":{"start":{"line":72,"column":8},"end":{"line":72,"column":54}},"16":{"start":{"line":75,"column":8},"end":{"line":75,"column":38}},"17":{"start":{"line":76,"column":8},"end":{"line":76,"column":3279}},"18":{"start":{"line":77,"column":12},"end":{"line":77,"column":47}},"19":{"start":{"line":79,"column":8},"end":{"line":79,"column":3364}},"20":{"start":{"line":82,"column":8},"end":{"line":82,"column":50}}},"branchMap":{"1":{"line":38,"type":"if","locations":[{"start":{"line":38,"column":40},"end":{"line":38,"column":47}},{"start":{"line":38,"column":51},"end":{"line":38,"column":59}}]},"2":{"line":40,"type":"if","locations":[{"start":{"line":40,"column":8},"end":{"line":40,"column":8}},{"start":{"line":40,"column":8},"end":{"line":40,"column":8}}]},"3":{"line":61,"type":"if","locations":[{"start":{"line":61,"column":8},"end":{"line":61,"column":8}},{"start":{"line":61,"column":8},"end":{"line":61,"column":8}}]},"4":{"line":69,"type":"if","locations":[{"start":{"line":69,"column":8},"end":{"line":69,"column":8}},{"start":{"line":69,"column":8},"end":{"line":69,"column":8}}]},"5":{"line":70,"type":"if","locations":[{"start":{"line":70,"column":8},"end":{"line":70,"column":8}},{"start":{"line":70,"column":8},"end":{"line":70,"column":8}}]},"6":{"line":72,"type":"if","locations":[{"start":{"line":72,"column":8},"end":{"line":72,"column":8}},{"start":{"line":72,"column":8},"end":{"line":72,"column":8}}]},"7":{"line":76,"type":"if","locations":[{"start":{"line":76,"column":8},"end":{"line":76,"column":8}},{"start":{"line":76,"column":8},"end":{"line":76,"column":8}}]}}},
"contracts\\lesson7.sol":{"l":{"15":0,"19":0,"23":0,"27":0,"28":0,"29":0,"39":0},"path":"C:\\Users\\nurus\\Desktop\\Code\\Blockchain University\\ZERO2HERO\\LearnSol\\lessons\\contracts\\lesson7.sol","s":{"1":0,"2":0,"3":0,"4":0},"b":{"1":[0,0],"2":[0,0],"3":[0,0]},"f":{"1":0,"2":0,"3":0,"4":0},"fnMap":{"1":{"name":"constructor","line":14,"loc":{"start":{"line":14,"column":4},"end":{"line":16,"column":4}}},"2":{"name":"pay","line":22,"loc":{"start":{"line":22,"column":4},"end":{"line":24,"column":4}}},"3":{"name":"onlyOwner","line":26,"loc":{"start":{"line":26,"column":4},"end":{"line":30,"column":4}}},"4":{"name":"withdraw","line":32,"loc":{"start":{"line":32,"column":4},"end":{"line":40,"column":4}}}},"statementMap":{"1":{"start":{"line":23,"column":8},"end":{"line":23,"column":57}},"2":{"start":{"line":27,"column":8},"end":{"line":27,"column":59}},"3":{"start":{"line":28,"column":8},"end":{"line":28,"column":54}},"4":{"start":{"line":39,"column":8},"end":{"line":39,"column":42}}},"branchMap":{"1":{"line":27,"type":"if","locations":[{"start":{"line":27,"column":8},"end":{"line":27,"column":8}},{"start":{"line":27,"column":8},"end":{"line":27,"column":8}}]},"2":{"line":28,"type":"if","locations":[{"start":{"line":28,"column":8},"end":{"line":28,"column":8}},{"start":{"line":28,"column":8},"end":{"line":28,"column":8}}]},"3":{"line":32,"type":"if","locations":[{"start":{"line":32,"column":52},"end":{"line":32,"column":52}},{"start":{"line":32,"column":52},"end":{"line":32,"column":52}}]}}},
"contracts\\Payments.sol":{"l":{"18":0,"22":0,"26":0,"27":0,"28":0,"35":0},"path":"C:\\Users\\nurus\\Desktop\\Code\\Blockchain University\\ZERO2HERO\\LearnSol\\lessons\\contracts\\Payments.sol","s":{"1":0,"2":0,"3":0,"4":0},"b":{},"f":{"1":0,"2":0,"3":0},"fnMap":{"1":{"name":"currentBalance","line":17,"loc":{"start":{"line":17,"column":4},"end":{"line":19,"column":4}}},"2":{"name":"getPayment","line":21,"loc":{"start":{"line":21,"column":4},"end":{"line":23,"column":4}}},"3":{"name":"pay","line":25,"loc":{"start":{"line":25,"column":4},"end":{"line":36,"column":4}}}},"statementMap":{"1":{"start":{"line":18,"column":8},"end":{"line":18,"column":36}},"2":{"start":{"line":22,"column":8},"end":{"line":22,"column":47}},"3":{"start":{"line":26,"column":8},"end":{"line":26,"column":58}},"4":{"start":{"line":28,"column":8},"end":{"line":28,"column":797}}},"branchMap":{}}}
