TN:
SF:C:\Users\nurus\Desktop\Code\Blockchain University\ZERO2HERO\LearnSol\lessons\contracts\AucEngine.sol
FN:33,constructor
FN:37,createAuction
FN:59,getPriceFor
FN:67,buy
FNF:4
FNH:1
FNDA:1,constructor
FNDA:0,createAuction
FNDA:0,getPriceFor
FNDA:0,buy
DA:34,1
DA:38,0
DA:40,0
DA:42,0
DA:53,0
DA:55,0
DA:60,0
DA:61,0
DA:62,0
DA:63,0
DA:64,0
DA:68,0
DA:69,0
DA:70,0
DA:71,0
DA:72,0
DA:73,0
DA:74,0
DA:75,0
DA:76,0
DA:77,0
DA:79,0
DA:82,0
LF:23
LH:1
BRDA:38,1,0,0
BRDA:38,1,1,0
BRDA:40,2,0,0
BRDA:40,2,1,0
BRDA:61,3,0,0
BRDA:61,3,1,0
BRDA:69,4,0,0
BRDA:69,4,1,0
BRDA:70,5,0,0
BRDA:70,5,1,0
BRDA:72,6,0,0
BRDA:72,6,1,0
BRDA:76,7,0,0
BRDA:76,7,1,0
BRF:14
BRH:0
end_of_record
TN:
SF:C:\Users\nurus\Desktop\Code\Blockchain University\ZERO2HERO\LearnSol\lessons\contracts\lesson7.sol
FN:14,constructor
FN:22,pay
FN:26,onlyOwner
FN:32,withdraw
FNF:4
FNH:0
FNDA:0,constructor
FNDA:0,pay
FNDA:0,onlyOwner
FNDA:0,withdraw
DA:15,0
DA:19,0
DA:23,0
DA:27,0
DA:28,0
DA:29,0
DA:39,0
LF:7
LH:0
BRDA:27,1,0,0
BRDA:27,1,1,0
BRDA:28,2,0,0
BRDA:28,2,1,0
BRDA:32,3,0,0
BRDA:32,3,1,0
BRF:6
BRH:0
end_of_record
TN:
SF:C:\Users\nurus\Desktop\Code\Blockchain University\ZERO2HERO\LearnSol\lessons\contracts\Payments.sol
FN:17,currentBalance
FN:21,getPayment
FN:25,pay
FNF:3
FNH:0
FNDA:0,currentBalance
FNDA:0,getPayment
FNDA:0,pay
DA:18,0
DA:22,0
DA:26,0
DA:27,0
DA:28,0
DA:35,0
LF:6
LH:0
BRF:0
BRH:0
end_of_record
