TN:
SF:C:\Users\nurus\Desktop\Code\Blockchain University\ZERO2HERO\LearnSol\lessons\contracts\AucEngine.sol
FN:33,constructor
FN:37,createAuction
FN:59,getPriceFor
FN:67,buy
FNF:4
FNH:4
FNDA:3,constructor
FNDA:2,createAuction
FNDA:1,getPriceFor
FNDA:1,buy
DA:34,3
DA:38,2
DA:40,2
DA:42,2
DA:53,2
DA:55,2
DA:60,1
DA:61,1
DA:62,1
DA:63,1
DA:64,1
DA:68,1
DA:69,1
DA:70,1
DA:71,1
DA:72,1
DA:73,1
DA:74,1
DA:75,1
DA:76,1
DA:77,1
DA:79,1
DA:82,1
LF:23
LH:23
BRDA:38,1,0,0
BRDA:38,1,1,2
BRDA:40,2,0,2
BRDA:40,2,1,0
BRDA:61,3,0,1
BRDA:61,3,1,0
BRDA:69,4,0,1
BRDA:69,4,1,0
BRDA:70,5,0,1
BRDA:70,5,1,0
BRDA:72,6,0,1
BRDA:72,6,1,0
BRDA:76,7,0,1
BRDA:76,7,1,0
BRF:14
BRH:7
end_of_record
TN:
SF:C:\Users\nurus\Desktop\Code\Blockchain University\ZERO2HERO\LearnSol\lessons\contracts\lesson7.sol
FN:14,constructor
FN:22,pay
FN:26,onlyOwner
FN:32,withdraw
FNF:4
FNH:0
FNDA:0,constructor
FNDA:0,pay
FNDA:0,onlyOwner
FNDA:0,withdraw
DA:15,0
DA:19,0
DA:23,0
DA:27,0
DA:28,0
DA:29,0
DA:39,0
LF:7
LH:0
BRDA:27,1,0,0
BRDA:27,1,1,0
BRDA:28,2,0,0
BRDA:28,2,1,0
BRDA:32,3,0,0
BRDA:32,3,1,0
BRF:6
BRH:0
end_of_record
TN:
SF:C:\Users\nurus\Desktop\Code\Blockchain University\ZERO2HERO\LearnSol\lessons\contracts\Payments.sol
FN:17,currentBalance
FN:21,getPayment
FN:25,pay
FNF:3
FNH:0
FNDA:0,currentBalance
FNDA:0,getPayment
FNDA:0,pay
DA:18,0
DA:22,0
DA:26,0
DA:27,0
DA:28,0
DA:35,0
LF:6
LH:0
BRF:0
BRH:0
end_of_record
